  959  ls
  960  mv product_id.reverse.txt product_id.txt product_id.txt.sorted product_id.txt.sorted.uniq Worksheet-3/
  961  ls Worksheet-3/
  962  cd ..
  963  ls
  964  mv helpful.count.txt helpful.txt Worksheet-3/
  965  ls
  966  mv helpful_test.txt customers
  967  ls -altr customer
  968  ls -altr customers
  969  history
  970  cd customer
  971  ls
  972  cd custmers
  973  cd customers/
  974  ls
  975  count = 0; total = 0;
  976  cd ..
  977  count = 0; total = 0;
  978  ls
  979  cd customers/
  980  ls
  981  cd ..
  982  mv 50122160.txt customers/
  983  cd customers/
  984  ls
  985  ls altr
  986  ls -latr
  987  head helpful_test.txt 
  988  count=0; total=0;
  989  for i in 'cat  helpful_test.txt' : do total =$(echo $i-6.12| bc)
  990  for i in 'cat  helpful_test.txt' : do total =$(echo $i-6.12| bc); done
  991  for i in 'cat  helpful_test.txt' : do total =$(echo $i-6.12| bc);done
  992  for i in 'cat  helpful_test.txt' : do total =$(echo $i-6.12| bc);	done
  993  for i in 'cat  helpful_test.txt' : do total =$(echo $itotal+i  | bc); ((count++));
  994  count=0; total=0;
  995  for i in 'cat  helpful_test.txt' : do total =$(echo $itotal+i  | bc);((count++));
  996  for i in 'cat  helpful_test.txt' : do total =$(echo $itotal+i  | bc);((count++)); done
  997  for i in 'cat  helpful_test.txt' : do total =$(echo $total+i  | bc);((count++)); done
  998  for i in 'cat  helpful_test.txt' : do total =$(echo $total+i  | bc); ((count++)); done
  999  for i in 'cat  helpful_test.txt' : do total=$(echo $total+i  | bc); ((count++)); done
 1000  for i in 'cat  helpful_test.txt' : do total=$(echo $total+i  | bc); ((count++));	done
 1001  for i in 'cat  helpful_test.txt' : do total=$(echo $total+i  | bc); 
 1002  count=0; total=0; for i in $( awk '{ print $2; }' file.txt );do total=$(echo $total+$i | bc ); count=0; total=0; for i in $( awk '{ print $2; }' helpful_test.txt);do total=$(echo $total+$i | bc ); \
 1003  head helpful_test.txt 
 1004  cat helpful_test.txt 
 1005  count=0; total=0;
 1006  ls
 1007  for i in $(awk '{print $2: }' helpful_test.txt);
 1008  for i in 'cat  helpful_test.txt' : do total=$(echo $total+i  | bc); ((count++));	done
 1009  count=0; total=0;
 1010  for i in 'cat  helpful_test.txt' : do total=$(echo $total+i  | bc); ((count++));done;
 1011  for i in 'cat  helpful_test.txt' : do total=$(echo $total+i  | bc); ((count++)); done;
 1012  for i in $'cat  helpful_test.txt' : do total=$(echo $total+i  | bc); ((count++)); done;
 1013  for i in $'cat  helpful_test.txt' : do total=$(echo $total+i  | bc);
 1014  for i in $'cat  helpful_test.txt' ; do total=$(echo $total+i  | bc); ((count++)); done;
 1015  echo $total
 1016  count=0; total=0;
 1017  for i in $'cat  helpful_test.txt' ; do total=$(echo $total+i  | bc); ((count++)); done;
 1018  echo total
 1019  echo $total
 1020  head helpful_test.txt 
 1021  cat helpful_test.txt 
 1022  for i in $'cat  helpful_test.txt' ; do total=$(echo $total+$i  | bc); ((count++)); done;
 1023  for i in $'cat  helpful_test.txt' ; do total=$(echo $total+ $i  | bc); ((count++)); done;
 1024  for i in $'cat  helpful_test.txt' ; do total=$(echo $total+$i | bc); ((count++)); done;
 1025  for i in $'cat  helpful_test.txt' ; do total=$(echo $total+$i|bc); ((count++)); done;
 1026  for i in $'cat  helpful_test.txt' ; do total=$(echo $total+$i|bc); ((count++)); done
 1027  for i in $'cat  helpful_test.txt' ;do total=$(echo $total+$i | bc );((count++)); done;
 1028  for i in $'helpful_test.txt' ;do total=$(echo $total+$i | bc );((count++)); done;
 1029  for i in $awk ' helpful_test.txt' ;do total=$(echo $total+$i | bc );((count++)); done;
 1030  for i in $'helpful_test.txt' ;do total=$(echo $total+$i | bc );((count++)); done;
 1031  for i in $cat 'helpful_test.txt' ;do total=$(echo $total+$i | bc );((count++)); done;
 1032  for i in 'cat  helpful_test.txt' ;do total=$(echo $total+$i | bc );((count++)); done;
 1033  for i in 'cat  helpful_test.txt' ; do total=$(echo $total+$i | bc );((count++)); done;
 1034  mkdir products
 1035  mkdir customers
 1036  ls
 1037  cd Worksheet-3/
 1038  ls
 1039  head helpful.txt
 1040  head customerID.txt
 1041  tail customerID.txt
 1042  cd ..
 1043  egrep "	12076615	" amazon_reviews_us_Books_v1_02.tsv > 12076615.txt
 1044  head 12076615.txt 
 1045  cut -f 9  12076615.txt > 12076615_ helpful.txt
 1046  ls
 1047  cd customers/
 1048  ls
 1049  cd..
 1050  cut -f 9  12076615.txt > 12076615helpful.txt
 1051  cd ..
 1052  cut -f 9  12076615.txt > 12076615helpful.txt
 1053  head 12076615helpful.txt 
 1054  mv 12076615helpful.txt customers/ 
 1055  phans@f6linux17:~$ cut -f 9  12076615.txt > 12076615_ helpful.txt
 1056  egrep "	53096571	" amazon_reviews_us_Books_v1_02.tsv > 53096571.txt
 1057  cut -f 9 53096571.txt > 53096571helpful.txt 
 1058  mv 53096571helpful.txt customers/
 1059  egrep "	52420369	" amazon_reviews_us_Books_v1_02.tsv > 52420369.txt
 1060  cut -f 9 52420369.txt.txt > 52420369helpful.txt 
 1061  cut -f 9 52420369.txt > 52420369helpful.txt 
 1062  mv 52420369helpful.txt customers/
 1063  cd customers/
 1064  ls
 1065  mv 12076615helpful.txt CUSTOMERS/12076615.txt
 1066  mv 12076615helpful.txt CUSTOMERS.12076615.txt
 1067  ls
 1068  mv 52420369helpful.txt CUSTOMERS.52420369.txt
 1069  ls
 1070  mv 53096571helpful.txt CUSTOMERS.53096571.txt
 1071  ls
 1072  head CUSTOMERS.12076615.txt 
 1073  count=0; total=0;
 1074  for i in `cat CUSTOMERS.12076615.txt`; do total=$(echo $total+$i | bc);((count++));    done;
 1075  echo $total
 1076  echo $count
 1077  echo "scale =2; $total / $count" | bc
 1078  head CUSTOMERS.12076615.txt 
 1079  head CUSTOMERS.53096571.txt 
 1080  cd ..
 1081  egrep "      50122160        " amazon_reviews_us_Books_v1_02.tsv  > 50122160.txt
 1082  cut -f 9  50122160.txt > CUSTOMER.50122160.txt
 1083  mv CUSTOMER.50122160.txt  customers/
 1084  cd customers/
 1085  ls
 1086  count=0; total=0;
 1087  for i in `cat  CUSTOMER.53096571` ;  do total=$(echo $total+$i | bc);((count++));    done;
 1088  ls
 1089  count=0; total=0;
 1090  for i in `cat  CUSTOMERS.53096571.txt` ;  do total=$(echo $total+$i | bc);((count++)): done;
 1091  for i in `cat  CUSTOMERS.53096571.txt` ;  do total=$(echo $total+$i | bc);((count++)); done;
 1092  echo $total
 1093  echo $count
 1094  ls
 1095  count=0; total=0;
 1096  for i in `cat  CUSTOMERS.12076615.txt` ;  do total=$(echo $total+$i | bc);((count++)); done;
 1097  cat $total > total.12076615.txt
 1098  count=0; total=0;
 1099  for i in `cat  CUSTOMERS.53096571.txt` ;  do total=$(echo $total+$i | bc);((count++)); done;
 1100  echo $count
 1101  echo $total
 1102  count=0; total=0;
 1103  for i in `cat  CUSTOMERS.52420369.txt` ;  do total=$(echo $total+$i | bc);((count++)); done;
 1104  echo $total
 1105  echo $count
 1106  for i in `cat  CUSTOMERS.50122160.txt` ;  do total=$(echo $total+$i | bc);((count++)); done;
 1107  $total > total.50122160.txt
 1108  cd ..
 1109  ls 
 1110  cd Worksheet-3/
 1111  ls
 1112  head  product_id.txt
 1113  cd ..
 1114  egrep "      0385730586        " amazon_reviews_us_Books_v1_02.tsv  > product.0385730586.txt
 1115  cut -f 9  0385730586.txt > product.0385730586.txt
 1116  cut -f 9  0385730586.txt > product0385730586.txt
 1117  cut -f 9  product.0385730586.txt > product.0385730586.txt
 1118  head product.0385730586.txt 
 1119  egrep "      0385730586        " amazon_reviews_us_Books_v1_02.tsv  > 0385730586.txt
 1120  cut -f 9  0385730586.txt > product.0385730586.txt
 1121  head product.0385730586.txt 
 1122  head 0385730586.txt 
 1123  egrep "0385730586" amazon_reviews_us_Books_v1_02.tsv  > 0385730586.txt
 1124  head 0385730586.txt 
 1125  cut -f 9  0385730586.txt > product.0385730586.txt
 1126  head product.0385730586.txt 
 1127  mv product.0385730586.txt product 
 1128  cd product
 1129  ls
 1130  mv product.0385730586.txt products 
 1131  head 0385730586.txt 
 1132  cd..
 1133  ls
 1134  mv products product.0385730586.txt 
 1135  mv product.0385730586.txt/ products/
 1136  cd products/
 1137  ls
 1138  cd ..
 1139  ls
 1140  head product0385730586.txt 
 1141  mkdir products
 1142  mkdir customers
 1143  egrep "      53096571        " amazon_reviews_us_Books_v1_02.tsv  > 53096571.txt
 1144  cut -f 9  53096571.txt > customers.53096571.txt
 1145  egrep "      52420369        " amazon_reviews_us_Books_v1_02.tsv  > 52420369.txt
 1146  cut -f 9  52420369.txt > customers.52420369.txt
 1147  egrep "      12076615        " amazon_reviews_us_Books_v1_02.tsv  > 12076615.txt
 1148  cut -f 9  12076615.txt > customers.12076615.txt
 1149  ls
 1150  head customers.12076615.txt 
 1151  head 12076615.txt 
 1152  mkdir products
 1153  ls
 1154  customers
 1155  cd customers/
 1156  ls
 1157  head helpful_test.txt 
 1158  count=0; total=0;
 1159  for i in'cat  helpful_test.txt' ; do total=$(echo $total+$i | bc ); ((count++)); done
 1160  for i in 'cat  helpful_test.txt' ; do total=$(echo $total+$i | bc ); ((count++)); done
 1161  for i in 'helpful_test.txt' ; do total=$(echo $total+$i | bc ); ((count++)); done
 1162  for i in 'helpful_test.txt' ; do total=$(echo $total+$i | bc ); ((count++)); done;
 1163  echo $total
 1164  for i in $'cat  helpful_test.txt' ; do total=$(echo $total+i  | bc); ((count++)); done;
 1165  for i in $'cat  helpful_test.txt' ; do total=$(echo $total+i  | bc); ((count++));
 1166  echo count
 1167  echo $count
 1168  for i in $'cat  helpful_test.txt' ; do total=$(echo $total+i  | bc); ((count++)); done;
 1169  echo $count
 1170  count=0; total=0;
 1171  for i in $'cat  helpful_test.txt' ; do total=$(echo $total+i  | bc); ((count++)); done;
 1172  echo $count
 1173  echo $total
 1174  for i in $'cat  helpful_test.txt' ; do total=$(echo $total+$i  | bc); ((count++)); done;
 1175  for i in 'cat  helpful_test.txt' ; do total=$(echo $total+$i  | bc); ((count++)); done;
 1176  for i in 'cat  helpful_test.txt'; do total=$(echo $total+$i | bc); count++; done;
 1177  for i in 'cat  helpful_test.txt'; do total=$(echo $total+$i | bc); count++; ;
 1178  for i in 'cat  helpful_test.txt'; do total=$(echo $total+$i | bc); count++; done;
 1179  for i in 'cat  helpful_test.txt'; do total=$(echo $total+$i | bc); count=count+1; done;
 1180  for i in 'cat  helpful_test.txt';  do total=$(echo $total+$i | bc); count+=1; 	done;
 1181  for i in 'cat  helpful_test.txt'; count++;
 1182  count=0; total=0;
 1183  for i in 'cat  helpful_test.txt'; do total=$(echo $total+$i | bc); count++; 	done;
 1184  for i in 'cat  helpful_test.txt'; do total=$(echo $total+$i | bc); $(count++); 	done;
 1185  for i in 'cat  helpful_test.txt'; do total=$(echo $total+$i | bc);((count+))+; 	done;
 1186  for i in 'cat  helpful_test.txt'; do total=$(echo $total+$i | bc);((count++)); 	done;
 1187  for i in $'cat  helpful_test.txt'; do total=$(echo $total+$i | bc);((count++)); 	done;
 1188  echo $total
 1189  echo $count
 1190  count=0;
 1191  total=0;
 1192  echo $count
 1193  echo $total
 1194  for i in 'cat  helpful_test.txt'; do total=$(echo $total+$i | bc);((count++)); 	done;
 1195  for i in $'cat  helpful_test.txt'; do total=$(echo $total+$i | bc);((count++)); 	done;
 1196  echo $total
 1197  echo $count
 1198  head helpful_test.txt 
 1199  total=0;
 1200  do total=$(echo $total+1 | bc);
 1201  total=$(echo $total+1 | bc);
 1202  echo total
 1203  echo $echo
 1204  echo $total
 1205  total=$(echo $total+$1 | bc);
 1206  history | grep bc
 1207  for i in 'cat  helpful_test.txt'; do total=$(echo $total+$i | bc);((count++)); 	done;
 1208  count=0; total=0;
 1209  for i in 'cat  helpful_test.txt'; do total=$(echo $total+$i | bc);((count++)); 	done;
 1210  for i in `cat  helpful_test.txt`; do total=$(echo $total+$i | bc);((count++)); 	done;
 1211  for i in `cat  helpful_test.txt` ; do total=$(echo $total+$i | bc);((count++)); 	done;
 1212  count=0; total=0;
 1213  for i in `cat  helpful_test.txt` ; do total=$(echo $total+$i | bc);((count++)); 	done;
 1214  echo $total
 1215  echo $count
 1216  echo "scale =2; $total / $count" | bc 
 1217  cd..
 1218  cd ..
 1219  ls
 1220  rmdir customers/
 1221  rmdir -r  customers/
 1222  ls
 1223  rm -r  customers/
 1224  ls products
 1225  cd products/
 1226  ls
 1227  cd ..
 1228  rm -r  products
 1229  cut -f 2 amazon_reviews_us_Books_v1_02.tsv
 1230  $ head -n 1 amazon_reviews_us_Books_v1_02.tsv
 1231  head -n 1 amazon_reviews_us_Books_v1_02.tsv
 1232  script ws4.txt
 1233  rm ws4.txt
 1234  mkdir customers
 1235  egrep "53096571" amazon_reviews_us_Books_v1_02.tsv  > 53096571.txt
 1236  cut -f 9  53096571.txt > customers.53096571.txt
 1237  head customers.53096571.txt 
 1238  egrep "52420369" amazon_reviews_us_Books_v1_02.tsv  > 52420369.txt
 1239  cut -f 9  52420369.txt > customers.52420369.txt
 1240  head customers.52420369.txt 
 1241  egrep "12076615" amazon_reviews_us_Books_v1_02.tsv  > 12076615.txt
 1242  cut -f 9  12076615.txt > customers.12076615.txt
 1243  head customers.12076615.txt 
 1244  ls
 1245  mv customers.12076615.txt customers
 1246  mv customers.52420369.txt customers
 1247  mv customers.53096571.txt customers
 1248  cd customers/
 1249  ls
 1250  count=0; total=0;
 1251  for i in `cat customers.12076615.txt` ; do total=$(echo $total+$i | bc);((count++));    done;
 1252  echo $total
 1253  echo $count
 1254  echo $count >  count.customers.12076615.txt
 1255  count=0; total=0;
 1256  for i in `cat customers.52420369.txt ` ; do total=$(echo $total+$i | bc);((count++));    done;
 1257  echo $total
 1258  echo $total >  count.customers.52420369.txt
 1259  echo $count >  count.customers.52420369.txt
 1260  echo $count
 1261  count=0; total=0;
 1262  for i in `cat customers.53096571.txt ` ; do total=$(echo $total+$i | bc);((count++));    done;
 1263  echo $total
 1264  echo $count
 1265  echo $count >  count.customers.53096571.txt
 1266  echo $total >  count.customers.53096571.txt
 1267  ls
 1268  count=0; total=0;
 1269  for i in `cat customers.53096571.txt ` ; do total=$(echo $total+$i | bc);((count++));    done;
 1270  echo "scale =2; $total / $count" | bc > 53096571.variance.txt
 1271  echo "scale =2; $total / $count" | bc 
 1272  count=0; total=0;
 1273  for i in `cat customers.52420369.txt ` ; do total=$(echo $total+$i | bc);((count++));    done;
 1274  echo "scale =2; $total / $count" | bc
 1275  echo "scale =2; $total / $count" | bc > 52420369.variance.txt
 1276  count=0; total=0;
 1277  for i in `cat customers.12076615.txt` ; do total=$(echo $total+$i | bc);((count++));    done;
 1278  echo "scale =2; $total / $count" | bc
 1279  echo "scale =2; $total / $count" | bc > 12076615.variance.txt
 1280  ls
 1281  cd . .
 1282  cd..
 1283  egrep "0385730586" amazon_reviews_us_Books_v1_02.tsv  > 0385730586.txt
 1284  cd..
 1285  cd ..
 1286  egrep "0385730586" amazon_reviews_us_Books_v1_02.tsv  > 0385730586.txt
 1287  cut -f 9  0385730586.txt > product.0385730586.txt
 1288  head product.0385730586.txt 
 1289  egrep "0262181533" amazon_reviews_us_Books_v1_02.tsv  > 0262181533.txt
 1290  cut -f 9  0385730586.txt > product.0262181533.txt
 1291  head product.0262181533.txt 
 1292  egrep "0300108834" amazon_reviews_us_Books_v1_02.tsv  > 0300108834.txt
 1293  cut -f 9  0385730586.txt > product.0300108834.txt
 1294  ls
 1295  mv product.0262181533.txt products
 1296  ls
 1297  mv product.0300108834.txt products
 1298  ls
 1299  mv product.0385730586.txt products
 1300  cd products/
 1301  ls
 1302  count=0; total=0;
 1303  for i in `cat customers.0385730586.txt ` ; do total=$(echo $total+$i | bc);((count++));    done;
 1304  for i in `cat product.0385730586.txt ` ; do total=$(echo $total+$i | bc);((count++));    done;
 1305  echo $total
 1306  echo $count
 1307  echo "scale =2; $total / $count" | bc
 1308  echo $total >  total.product.0385730586.txt
 1309  echo "scale =2; $total / $count" | bc > 0385730586.variance.txt
 1310  count=0; total=0;
 1311  for i in `cat product.0262181533.txt ` ; do total=$(echo $total+$i | bc);((count++));    done;
 1312  echo $total
 1313  for i in `cat product.0262181533.txt ` ; do total=$(echo $total+$i | bc);((count++));    done;
 1314  echo $total
 1315  count=0; total=0;
 1316  for i in `cat product.0262181533.txt ` ; do total=$(echo $total+$i | bc);((count++));    done;
 1317  echo $total
 1318  echo $count
 1319  ls
 1320  head product.0385730586.txt 
 1321  head product.0262181533.txt 
 1322  cd ..
 1323  egrep "0262181533" amazon_reviews_us_Books_v1_02.tsv  > 0262181533.txt
 1324  cut -f 9  0385730586.txt > product.0262181533.txt
 1325  mv product.0262181533.txt products
 1326  cd products/
 1327  count=0; total=0;
 1328  for i in `cat product.0262181533.txt ` ; do total=$(echo $total+$i | bc);((count++));    done;
 1329  echo $total
 1330  echo $count
 1331  echo "scale =2; $total / $count" | bc
 1332  echo $total >  total.product.0262181533.txt
 1333  echo "scale =2; $total / $count" | bc > 0262181533.variance.txt
 1334  count=0; total=0;
 1335  for i in `cat product.0385730586.txt ` ; do total=$(echo $total+$i | bc);((count++));    done;
 1336  echo $total
 1337  echo $count
 1338  echo "scale =2; $total / $count" | bc
 1339  echo $total >  total.product.0385730586.txt
 1340  echo "scale =2; $total / $count" | bc > 0385730586.variance.txt
 1341  cd ..
 1342  ls
 1343  mv 53096571.txt customers/
 1344  mv 52420369.txt customers/
 1345  mv 12076615.txt customers/
 1346  mv 0385730586.txt products/
 1347  mv 0262181533.txt products/
 1348  mv 0300108834.txt products/
 1349  history > cmds.log
 1350  touch Readme.txt
 1351  vi Readme.txt
 1352  ls
 1353  rm products
 1354  rmdir products/
 1355  rmdir customers/
 1356  rm customers/
 1357  rmdir customers
 1358  rmdir -r customers/
 1359  rm -rf customers/
 1360  rm 12076615.txt 12076615_ 50122160.txt 52420369.txt 53096571.txt 
 1361  script ws4.txt
 1362  rm customers.12076615.txt 
 1363  rm customers.52420369.txt 
 1364  rm customers.53096571.txt 
 1365  egrep "12076615" amazon_reviews_us_Books_v1_02.tsv  > 12076615.txt
 1366  head 12076615.txt 
 1367  ls
 1368  rm 0385730586.txt 
 1369  rm 12076615.txt 
 1370  rm 52420369.txt 
 1371  rm 53096571.txt 
 1372  rm product
 1373  rm product0385730586.txt 
 1374  script ws4.txt
 1375  ls
 1376  rmdir customers/
 1377  rmdir products/
 1378  rm ws4.txt 
 1379  script ws4.txt
 1380  ls
 1381  vi ws4.txt
 1382  git clone https://github.com/S-phan/Worksheet4-.git
 1383  ls
 1384  cp customers/ products/ Readme.txt cmds.log ws4.txt Worksheet4-/
 1385  cp customers/.txt Worksheet4-/
 1386  cd customers
 1387  ls
 1388  cd..
 1389  cd ..
 1390  cd Worksheet4-/
 1391  ls
 1392  git status
 1393  git add.
 1394  git add .
 1395  git commit " worksheet 4 upload"
 1396  git commit -m  " worksheet 4 upload"
 1397  git push
 1398  cd ..
 1399  ls
 1400  cd products/
 1401  ls
 1402  git status
 1403  ls
 1404  cd products/
 1405  ls
 1406  cp * ../
 1407  cd ..
 1408  ls
 1409  mv 0262181533.txt 0262181533.variance.txt 0300108834.txt 0300108834.txt 0385730586.txt 0385730586.variance.txt Worksheet4-/
 1410  ls
 1411  mv product.0300108834.txt product.0385730586.txt total.product.0262181533.txt total.product.0385730586.txt Worksheet4-/
 1412  ls
 1413  mv product.0262181533.txt Worksheet4-/
 1414  ls
 1415  cd customers/
 1416  ls
 1417  mv * ../
 1418  cd ..
 1419  ls
 1420  mv 0385730586.txt 12076615.txt   12076615.variance.txt 52420369.txt   52420369.variance.txt 53096571.txt 53096571.variance.txt count.customers.53096571.txt
 1421  customers.12076615.txt
 1422  customers.52420369.txt
 1423  customers.53096571.txt
 1424  ls
 1425  mv 0385730586.txt 12076615.txt   12076615.variance.txt 52420369.txt   52420369.variance.txt 53096571.txt 53096571.variance.txt count.customer Worksheet4-/
 1426  mv 0385730586.txt 12076615.txt   12076615.variance.txt 52420369.txt   52420369.variance.txt 53096571.txt 53096571.variance.txt Worksheet4-/
 1427  mv 0385730586.txt 12076615.txt  Worksheet4-/
 1428  cd Worksheet4-/
 1429  ls
 1430  cd ..
 1431  ls
 1432  mv count.customers.12076615.txt count.customers.12076615.txt count.customers.53096571.txt Worksheet4-/
 1433  mv count.customers.12076615.txt  count.customers.53096571.txt Worksheet4-/
 1434  mv total.customers.12076615.txt Worksheet4-/
 1435  cd .. Worksheet4-/
 1436  cd Worksheet4-/
 1437  ls
 1438  git status
 1439  git add .
 1440  git commit -m ( wrk4 additional support document)
 1441  git push
 1442  git status
 1443  git add .
 1444  git push https://github.com/S-phan/Worksheet4-.git
 1445  git stash list
 1446  ls
 1447  git status
 1448  git push origin master to push
 1449  git reset
 1450  git status
 1451  git add .
 1452  git commit -m "additional documents"
 1453  git push https://github.com/S-phan/Worksheet4-.git
 1454  ls
 1455  cd Worksheet4-/
 1456  ls
 1457  git reset HEAD~
 1458  git status
 1459  git commit 
 1460  git add
 1461  git commit "only required documents for wsk4"
 1462  git commit -m  "only required documents for wsk4"
 1463  git push https://github.com/S-phan/Worksheet4-.git
 1464  git status
 1465  git add count.customers.12076615.txt 
 1466  git commit -m "addition documnet"
 1467  ls
 1468  cd Worksheet-3
 1469  ls
 1470  cd . .
 1471  cd ..
 1472  cp ws3.txt Worksheet-3/
 1473  cd Worksheet-3
 1474  ls
 1475  git status
 1476  git add ws3.txt
 1477  git status
 1478  git commit-m "reformatted assignment"
 1479  git commit -m "reformatted assignment"
 1480  git push https://github.com/S-phan/Worksheet-3.git
 1481  ls
 1482  cd ..
 1483  ls
 1484  mkdir fakeWorksheet3
 1485  cp Worksheet-3 fakeWorksheet3/
 1486  cd fakeWorksheet3/
 1487  ls
 1488  cd ..
 1489  cd Worksheet-3/
 1490  ls
 1491  cd ..
 1492  cp -R Worksheet-3/ fakeWorksheet3/
 1493  cd Worksheet-3/
 1494  ls
 1495  cd ..
 1496  cd fakeWorksheet3/
 1497  ls
 1498  cd ..
 1499  cd Worksheet-3/
 1500  git pull
 1501  ls
 1502  Worksheet-3
 1503  cd Worksheet-3
 1504  ls
 1505  git status
 1506  git commit -m "reformatted hw"
 1507  git push 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
 1508  git push https://github.com/S-phan/Worksheet-3.git
 1509  $ head -n 1 amazon_reviews_us_Books_v1_02.tsv
 1510  head -n 1 amazon_reviews_us_Books_v1_02.tsv
 1511  ls
 1512  head -n 1 amazon_reviews_us_Books_v1_02.tsv
 1513  cd Worksheet-3
 1514  ls
 1515  cd ..
 1516  fakeWorksheet3/
 1517  cd fakeWorksheet3/
 1518  ls
 1519  cd Worksheet-3/
 1520  ls
 1521  cd ~
 1522  ls
 1523  cut -f 2 amazon_reviews_us_Books_v1_02.tsv > customerID.txt
 1524  uniq - c customerID.txt > Sorted.customerID.txt
 1525  uniq -c customerID.txt > Sorted.customerID.txt
 1526  head Sorted.customerID.txt 
 1527  sort -nk1 --reverse Sorted.customerID.txt > Reverse.customerID.txt
 1528  head Reverse.customerID.txt 
 1529  for i in `
 1530  tail Sorted.customerID.txt 
 1531  tail Reverse.customerID.txt 
 1532  tail Sorted.customerID.txt 
 1533  head -20  Sorted.customerID.txt 
 1534  tail -20  Sorted.customerID.txt 
 1535  sort --reverse Sorted.customerID.txt | head
 1536  head Sorted.customerID.txt 
 1537  ls
 1538  for i in ' sort --reverse Sorted.customerID.txt ';  echo hello; 
 1539  for i in ' sort --reverse Sorted.customerID.txt ';  echo hello ; 
 1540  for i in ' sort  Sorted.customerID.txt
 1541  for i in ` sort --reverse Sorted.customerID.txt`;  echo hello ; 
 1542  for i in `cat Sorted.customerID.txt`;  echo hello ; 
 1543  for i in `cat Sorted.customerID.txt`; do  echo hello ; 
 1544  for i in `sort --reverse Sorted.customerID.txt`; do  echo hello ; done 
 1545  for i in `sort --reverse Sorted.customerID.txt`; do cat 1000  ; done 
 1546  for i in `sort --reverse Sorted.customerID.txt`; do cat -1000  ; done 
 1547  for i in `sort --reverse Sorted.customerID.txt`; do cat -10 sort --reverse Sorted.customerID.txt; done; 
 1548  for i in `sort --reverse Sorted.customerID.txt`; do echo $i; done; 
 1549  for i in `sort --reverse Sorted.customerID.txt`; do echo "$i"; done; 
 1550  for i in `sort --reverse Sorted.customerID.txt`; do echo head "$i"; done; 
 1551  for i in `sort --reverse Sorted.customerID.txt`; do echo "$i"; done > testfile.txt 
 1552  head testfile.txt
 1553  history
 1554  ls
 1555  head ws3.txt 
 1556  head ws4.txt 
 1557  uniq -c amazon_reviews_us_Books_v1_02.tsv 
 1558  ls
 1559  cd fakeWorksheet3/
 1560  ls
 1561  cd Worksheet-3/
 1562  ls
 1563  mv customerID.txt../ 
 1564  mv customerID.txt ../ 
 1565  ls
 1566  cd ..
 1567  ls
 1568  mv customerID.txt ../
 1569  cd ..
 1570  ls
 1571  cd Worksheet-3/
 1572  ls
 1573  cd ..
 1574  cd ~
 1575  ls
 1576  cd fakeWorksheet3/
 1577  ls
 1578  cd Worksheet-3/
 1579  ls
 1580  mv product_id.txt ../
 1581  ls
 1582  cd ..
 1583  mv product_id.txt ../
 1584  cd ..
 1585  ls
 1586  head amazon_reviews_us_Books_v1_02.tsv 
 1587  head -n 1 amazon_reviews_us_Books_v1_02.tsv
 1588  ls
 1589  head customerID.txt
 1590  cut -f 2 amazon_reviews_us_Books_v1_02.tsv > customerID.txt
 1591  cut -f 6 amazon_reviews_us_Books_v1_02.tsv > product_title.txt
 1592  head product_title.txt 
 1593  ls
 1594  more .bash_aliases 
 1595  ls
 1596  vi .bashrc
 1597  alias
 1598  alias I="ls -latr"
 1599  alias
 1600  alias w="ls -la|wc"
 1601  alias
 1602  w
 1603  I
 1604  alias
 1605  vi .bashrc
 1606  ls
 1607  head customerID.txt 
 1608  w  
 1609  ls
 1610  w customerID.txt
 1611  wc -l customerID.txt
 1612  wc -1 sorted.customer_and_helpful.txt 
 1613  wc -l sorted.customer_and_helpful.txt 
 1614  cut -f 2 customer_and_helpful.txt > helpful100.txt
 1615  sudo apt install datamash
 1616  datamash
 1617  wget http://ftp.gnu.org/gnu/datamash/datamash-1.3.tar.gz
 1618  tar -xzf datamash-1.3.tar.gz
 1619  cd datamash-1.3
 1620  ./configure
 1621  make
 1622  make check
 1623  sudo make install
 1624  ls -al
 1625  ./datamash
 1626  pwd
 1627  /home/phans/datamash-1.3
 1628  /home/phans/datamash-1.3/datamash
 1629  cd ~
 1630  pwd
 1631  cd ~/datamash-1.3
 1632  ./datamash  -W ppearson 1:2 < ../customer_and_helpful.txt
 1633  cd ~
 1634  head customer_and_helpful.txt 
 1635  cd ~/datameash-1.3
 1636  cd~/datameash-1.3
 1637  cd ~/datamash-1.3
 1638  ./datamash  -W ppearson 1:2 < awk 'NR!=1' ../customer_and_helpful.txt.txt
 1639  ./datamash  -W --headers ppearson 1:2  ../customer_and_helpful.txt.txt
 1640  ./datamash  -W --headers ppearson 1:2 > ../customer_and_helpful.txt.txt
 1641  ./datamash  -W --headers ppearson 1:2 < ../customer_and_helpful.txt
 1642  cd ..
 1643  ls
 1644  echo question 1
 1645  ls
 1646  cd fakeWorksheet3/
 1647  ls
 1648  cd Worksheet-3/
 1649  ls
 1650  head customerID.txt.sort.uniq 
 1651  wc -l customerID.txt.sort.uniq 
 1652  echo 1502381 unique customer
 1653  wc -l product_id.txt.sorted.uniq 
 1654  echo 779734 unique products ID
 1655  cd ~
 1656  head product_title.txt 
 1657  uniq -c  product_title.txt 
 1658  echo question 1
 1659  ls
 1660  uniq -c product_title.txt | wc -l
 1661  echo 3103101 unique product titles
 1662  cd fakeWorksheet3/
 1663  cd Worksheet-3/
 1664  ls
 1665  wc -l product_id.txt.sorted.uniq 
 1666  echo 779734 unique reviews 
 1667  wc -l customerID.txt.sort.uniq 
 1668  echo 1502381 reviewed
 1669  echo 1502381 customer  reviewed
 1670  cd ~
 1671  echo question 2
 1672  cut -d "     " -f 2,9 amazon_reviews_us_Books_v1_02.tsv | head
 1673  cut -d "" -f 2,9 amazon_reviews_us_Books_v1_02.tsv | head
 1674  cut -d "	" -f 2,9 amazon_reviews_us_Books_v1_02.tsv | head
 1675  cut -d "	" -f 2,9 amazon_reviews_us_Books_v1_02.tsv > customer_and_helpful.txt
 1676  head customer_and_helpful.txt
 1677  sort -nk2 --reverse  customer_and_helpful.txt | head -n 100 > sorted.customer_and_helpful.txt
 1678  cut -f 2 sorted.customer_and_helpful.txt > CUSTOMERS/customerID_100.txt
 1679  cut -f 2 sorted.customer_and_helpful.txt > customerID_100.txt
 1680  head customerID_100.txt 
 1681  head sorted.customer_and_helpful.txt 
 1682  cut -f 1 sorted.customer_and_helpful.txt > customerID_100.txt
 1683  cut -f 2 sorted.customer_and_helpful.txt > customerID_helpfulness_100.txt
 1684  ls
 1685  cut -d "	" -f 4,9 amazon_reviews_us_Books_v1_02.tsv > product_and_helpful.txt
 1686  sort -nk2 --reverse  customer_and_helpful.txt | head -n 100 > sorted.customer_and_helpful.txt
 1687  sort -nk2 --reverse  product_and_helpful.txt | head -n 100 > sorted.product_and_helpful.txt
 1688  cut -f 2 sorted.product_and_helpful.txt.txt > product_helpfulness_100.txt
 1689  head sorted.product_and_helpful.txt 
 1690  cut -f 2 sorted.product_and_helpful.txt > product_helpfulness_100.txt
 1691  cut -f 1 sorted.product_and_helpful.txt > product__100.txt
 1692  echo question 3
 1693  echo question 4
 1694  alias I='ls -ltr'
 1695  alias w='ls -la|wc'
 1696  alias
 1697  vi .bashrc
 1698  echo question 7
 1699  ls
 1700  wc -l customerID_100.txt 
 1701  wc -l product_100.txt 
 1702  wc -l product__100.txt 
 1703  echo question 8
 1704  echo datamesh was installed before the start of this script
 1705  cd ~/datamash-1.3
 1706  ./datamash  -W --headers ppearson 1:2 < ../customer_and_helpful.txt
 1707  cd ~
 1708  head customer_and_helpful.txt
 1709  cd ~/datamash-1.3
 1710  ./datamash  -W --headers ppearson 1:2 < ../customerID_helpfulness_100.txt
 1711  cd~
 1712  cd ~/datamash-1.3
 1713  cd ..
 1714  head customerID_helpfulness_100.txt 
 1715  ls
 1716  head sorted.customer_and_helpful.txt 
 1717  cd ~/datamash-1.3
 1718  ./datamash  -W --headers ppearson 1:2 < ../sorted.customer_and_helpful.txt 
 1719  ./datamash  -W ppearson 1:2 < ../sorted.customer_and_helpful.txt 
 1720  cd ..
 1721  echo question 9
 1722  count=0; total=0;
 1723  for i in `cat customer_and_helpful.txt` ; do total=$(echo $total+$i | bc);((count++));    done;
 1724  count=0; total=0;
 1725  for i in `cat customer_and_helpful` ; do total=$(echo $total+$i | bc);((count++)); done;
 1726  head  customer_and_helpful.txt
 1727  head helpful100.txt 
 1728  for i in `cat helpful100` ; do total=$(echo $total+$i | bc);((count++)); done;
 1729  count=0; total=0;
 1730  for i in `cat helpful100` ; do total=$(echo $total+$i | bc);((count++)); done;
 1731  ls
 1732  for i in `cat customers.53096571.txt ` ; do total=$(echo $total+$i | bc);((count++));    done;
 1733  head customers.53096571.txt 
 1734  vi helpful100.txt 
 1735  count=0; total=0;
 1736  for i in `cat helpful100 ` ; do total=$(echo $total+$i | bc);((count++));    done;
 1737  for i in `cat helpful100.txt ` ; do total=$(echo $total+$i | bc);((count++));    done;
 1738  script a2.txt
 1739  vi a2.txt
 1740  script a2.txt
 1741  vi a2.txt 
 1742  git clone https://github.com/S-phan/Assignment-2.git
 1743  ls
 1744  cp a2.txt Assignment-2/
 1745  cd Assignment-2/
 1746  ls
 1747  cd ..
 1748  cd Assignment-2/
 1749  git status
 1750  git add . 
 1751  git commit -m "question 1-8"
 1752  git push https://github.com/S-phan/Assignment-2.git
 1753  echo question 9
 1754  count=0; total=0;\
 1755  count=0; total=0;
 1756  for i in `cat customerID_helpfulness_100.txt ` ; do total=$(echo $total+$i | bc);((count++)); echo "scale =2; $total / $count" | bc
 1757  count=0; total=0;
 1758  for i in `cat customerID_helpfulness_100.txt ` ; do total=$(echo $total+$i | bc);((count++));    done;
 1759  echo "scale =2; $total / $count" | bc
 1760  head customerID_helpfulness_100.txt 
 1761  tail customerID_helpfulness_100.txt 
 1762  echo range 15835 and 1132
 1763  count=0; total=0;
 1764  for i in `cat product_helpfulness_100.txt ` ; do total=$(echo $total+$i | bc);((count++));    done;
 1765  echo "scale =2; $total / $count" | bc
 1766  head product_helpfulness_100.txt 
 1767  count=0; total=0;
 1768  for i in `cat customerID_helpfulness_100.txt ` ; do total=$(echo $total+$i | bc);((count++));    done;
 1769  echo "scale =2; $total / $count" | bc
 1770  head customerID_helpfulness_100.txt 
 1771  tail customerID_helpfulness_100.txt 
 1772  echo range 15835 and 1132
 1773  count=0; total=0;
 1774  for i in `cat product_helpfulness_100.txt ` ; do total=$(echo $total+$i | bc);((count++));    done;
 1775  echo "scale =2; $total / $count" | bc
 1776  head product__helpfulness_100.txt 
 1777  head product_helpfulness_100.txt
 1778  tail product_helpfulness_100.txt
 1779  echo range is 15835 and 1132
 1780  ls
 1781  cd fakeWorksheet3/
 1782  ls
 1783  cd Worksheet-3/
 1784  ls
 1785  cd ..
 1786  sort customerID.txt|uniq|wc -l
 1787  sort product_id.txt|uniq|wc -l
 1788  head -n 1 amazon_reviews_us_Books_v1_02.ts
 1789  head -n 1 amazon_reviews_us_Books_v1_02.tsv
 1790  cut -d "     " -f 2 amazon_reviews_us_Books_v1_02.tsv | head
 1791  cut -d "	" -f 2 amazon_reviews_us_Books_v1_02.tsv | head
 1792  cut -d "	" -f 2 amazon_reviews_us_Books_v1_02.tsv | sort | uniq|wc -l
 1793  ls
 1794  count=0; total=0;
 1795  for i in `cat customers.12076615.txt ` ; do total=$(echo $total+$i | bc);((count++));    done;
 1796  echo "scale =2; $total / $count" | bc
 1797  head customers.12076615.txt 
 1798  head customers.52420369.txt 
 1799  count=0; total=0;
 1800  echo "scale =2; $total / $count" | bc
 1801  head customerID_100.txt 
 1802  customerID_helpfulness_100.txt
 1803  headcustomerID_helpfulness_100.txt
 1804  count=0; total=0;
 1805  for i in `cat customerID_helpfulness_100.txt ` ; do total=$(echo $total+$i | bc);((count++));    done;
 1806  echo "scale =2; $total / $count" | bc
 1807  head product_helpfulness_100.txt
 1808  script a2.part2.txt
 1809  ls
 1810  head product_id.txt 
 1811  head product_and_helpful.txt 
 1812  head customer_and_helpful.txt
 1813  head amazon_reviews_us_Books_v1_02.tsv 
 1814  head -n 1 amazon_reviews_us_Books_v1_02.tsv
 1815  cut -d "     " -f 2,4,9 amazon_reviews_us_Books_v1_02.tsv | head
 1816  cut -d "     " -f 2,4 amazon_reviews_us_Books_v1_02.tsv | head
 1817  cut -d "	" -f 2,4,9 amazon_reviews_us_Books_v1_02.tsv | head
 1818  script a2.part2.txt
 1819  ls
 1820  cp a2.part2.txt Assignment-2/
 1821  cd Assignment-2/
 1822  ls
 1823  git status
 1824  git add .
 1825  git commit -m " question 9 and 10 "
 1826  git push https://github.com/S-phan/Assignment-2.git
 1827  vi a2.part2.txt 
 1828  git status
 1829  git add .
 1830  git commit -m " Question 9 and question 10 updated "
 1831  git push https://github.com/S-phan/Assignment-2.git
 1832  head -n 1 amazon_reviews_us_Books_v1_02.tsv
 1833  cut -d "	" -f 2 amazon_reviews_us_Books_v1_02.tsv > customerID.txt
 1834  cut -d "	" -f 2 amazon_reviews_us_Books_v1_02.tsv | head
 1835  cut -d "	" -f 2 amazon_reviews_us_Books_v1_02.tsv > customerID.txt
 1836  head customerID.txt
 1837  cut -d "	" -f 4 amazon_reviews_us_Books_v1_02.tsv > product_id.txt.txt
 1838  head product_id.txt
 1839  cut -d "	" -f 4 amazon_reviews_us_Books_v1_02.tsv > product_id.txt
 1840  cut -d "	" -f 6 amazon_reviews_us_Books_v1_02.tsv > product_title.txt
 1841  sort customerID.txt|uniq|wc -l
 1842  sort product_id.txt|uniq|wc -l
 1843  sort product_title.txt|uniq|wc -l
 1844  echo Question 2
 1845  head -n 1 amazon_reviews_us_Books_v1_02.tsv
 1846  cut -d "     " -f 2,9 amazon_reviews_us_Books_v1_02.tsv > customer_id_helpfulness.txt
 1847  cut -d "	" -f 4,9 amazon_reviews_us_Books_v1_02.tsv > customr_id_helpfulness.txt
 1848  head customer_id_helpfulness.txt
 1849  cut -d "	" -f 2,8 amazon_reviews_us_Books_v1_02.tsv > customer_id_starrating.txt
 1850  head customer_id_starrating.txt 
 1851  echo question 3
 1852  head -n 1 amazon_reviews_us_Books_v1_02.tsv
 1853  cut -d "     " -f 4,9 amazon_reviews_us_Books_v1_02.tsv > product_id_helpfulness.txt
 1854  cut -d "	" -f 4,9 amazon_reviews_us_Books_v1_02.tsv > product_id_helpfulness.txt
 1855  head product_id_helpfulness.txt 
 1856  cut -d "	" -f 4,8 amazon_reviews_us_Books_v1_02.tsv > product_id__starrating.txt
 1857  cut -d "	" -f 4,8 amazon_reviews_us_Books_v1_02.tsv > product_id_starrating.txt
 1858  head product_id_starrating.txt 
 1859  echo 4 
 1860  alias I='ls -ltr'
 1861  echo question 5
 1862  alias w='ls -la|wc'
 1863  alias
 1864  vi .bashrc
 1865  echo question 7
 1866  wc -l customer_id_helpfulness.txt
 1867  sort -nk2 --reverse  customer_id_helpfulness.txt | head -n 100 > 100_customer_id_helpfulness.txt
 1868  sort -nk2 --reverse  customer_id_starrating.txt | head -n 100 > 100_customer_id_starrating.txt
 1869  sort -nk2 --reverse product_id_helpfulness.txt | head -n 100 > 100_product_id_helpfulness.txt
 1870  sort -nk2 --reverse product_id_starrating.txt| head -n 100 > 100_product_id_starrating.txt
 1871  echo above is question 2 
 1872  head 100_customer_id_
 1873  head 100_customer_id_helpfulness.txt 
 1874  wc -l customer_id_helpfulness.txt
 1875  wc -l 100_customer_id_helpfulness.txt
 1876  wc -l 100_customer_id_starrating.txt
 1877  wc -l 100_product_id_helpfulness.txt
 1878  wc -l 100_product_id_starrating.txt
 1879  cd ~/datamash-1.3
 1880  ./datamash  -W ppearson 1:2 < ../100_customer_id_helpfulness.txt
 1881  ./datamash  -W ppearson 1:2 < ../100_customer_id_starrating.txt
 1882  ./datamash  -W ppearson 1:2 < ../100_product_id_helpfulness.txt
 1883  cd ..
 1884  head 100_customer_id_starrating.txt
 1885  head 100_product_id_helpfulness.txt
 1886  100_product_id_starrating.txt
 1887  head 100_product_id_starrating.txt
 1888  cd ~/datamash-1.3
 1889  100_product_id_helpfulness.txt
 1890  ./datamash  -W ppearson 1:2 < ../100_product_id_helpfulness.txt
 1891  cd ..
 1892  vi 100_product_id_helpfulness.txt
 1893  cd ..
 1894  cd ~
 1895  cd ~/datamash-1.3
 1896  ./datamash  -W ppearson 1:2 < ../100_product_id_helpfulness.txt
 1897  cd ..
 1898  vi 100_product_id_helpfulness.txt
 1899  cd ~/datamash-1.3
 1900  ./datamash  -W ppearson 1:2 < ../100_product_id_helpfulness.txt
 1901  cd ..
 1902  customer_id_starrating.txt | head -n 100 > 100_customer_id_starrating.txt
 1903  head customer_id_starrating.txt 
 1904  customer_id_starrating.txt | head -n 100 > 100_customer_id_starrating.txt
 1905  head -n 100 customer_id_starrating.txt  > 100_customer_id_starrating.txt
 1906  head -n 100 product_id_starrating.txt  > 100_product_id_starrating.txt
 1907  cd ~/datamash-1.3
 1908  ./datamash  -W ppearson 1:2 < ../100_customer_id_starrating.txt
 1909  ./datamash  -W --headers ppearson 1:2 < ../100_customer_id_starrating.txt
 1910  ./datamash  -W --headers ppearson 1:2 < ../100_product_id_starrating.txt
 1911  cd ..
 1912  vi 100_product_id_starrating.txt 
 1913  cd ~/datamash-1.3
 1914  ./datamash  -W --headers ppearson 1:2 < ../100_product_id_starrating.txt
 1915  cd ..
 1916  vi 100_product_id_starrating.txt
 1917  cd ~/datamash-1.3
 1918  ./datamash  -W --headers ppearson 1:2 < ../100_product_id_starrating.txt
 1919  cd ..
 1920  vi 100_product_id_starrating.txt
 1921  cd ~/datamash-1.3
 1922  ./datamash  -W --headers ppearson 1:2 < ../100_product_id_starrating.txt
 1923  cd ..
 1924  vi 100_product_id_starrating.txt
 1925  cd ~/datamash-1.3
 1926  ./datamash  -W --headers ppearson 1:2 < ../100_product_id_starrating.txt
 1927  cd ..
 1928  vi 100_product_id_starrating.txt
 1929  cd ~/datamash-1.3
 1930  vi 100_product_id_starrating.txt
 1931  ./datamash  -W --headers ppearson 1:2 < ../100_product_id_starrating.txt
 1932  cd ..
 1933  echo Question 9
 1934  count=0; total=0;
 1935  for i in `cat customerID.txt ` ; do total=$(echo $total+$i | bc);((count++));    done;
 1936  history > cmds.log
 1937  ls
 1938  cp cmds.log Assigment-2
 1939  cd Assignment-2/
 1940  ls
 1941  cd ..
 1942  cp cmds.log Assignment-2/
 1943  cd Assignment-2/
 1944  ls
 1945  git status
 1946  git add .
 1947  git commit -m "history log"
 1948  git push https://github.com/S-phan/Assignment-2.git
 1949  git push
 1950  git push https://github.com/S-phan/Assignment-2.git
 1951  cut -f 2 amazon_reviews_us_Books_v1_02.tsv > customerID.txt
 1952  uniq -c customerID.txt > Sorted.customerID.txt
 1953  for i in `sort --reverse Sorted.customerID.txt| head -n 100 ` ; do echo "$i"; done > testfile.txt
 1954  head testfile.txt 
 1955  head -100  testfile.txt 
 1956  for i in `sort --reverse Sorted.customerID.txt| head -n 1000 ` ; do echo "$i"; done > testfile.txt
 1957  head testfile.txt 
 1958  history > cmds.log 
